<?xml version="1.0" encoding="UTF-8"?>
<testng-results ignored="0" total="0" passed="0" failed="0" skipped="0">
  <reporter-output>
  </reporter-output>
  <suite started-at="2021-05-25T17:44:10 CST" name="org.xinc.http.client.HttpClientTest" finished-at="2021-05-25T17:44:10 CST" duration-ms="5">
    <groups>
    </groups>
    <test started-at="2021-05-25T17:44:10 CST" name="Command line test" finished-at="2021-05-25T17:44:10 CST" duration-ms="5">
    </test> <!-- Command line test -->
  </suite> <!-- org.xinc.http.client.HttpClientTest -->
</testng-results>
